
rate control: sequence initialization
 initial global complexity measures (I,P,B): Xi=34192696, Xp=12822261, Xb=8975583
 reaction parameter: r=1966080
 initial virtual buffer fullness (I,P,B): d0i=634219, d0p=634219, d0b=887907
 initial average activity: avg_act=400.0

rate control: new group of pictures (GOP)
 target number of bits for GOP: R=983040
 number of P pictures in GOP: Np=0
 number of B pictures in GOP: Nb=0

Frame 0 (#0 in display order):
 picture_type=I
 temporal_reference=0
 frame_pred_frame_dct=1
 q_scale_type=1
 intra_vlc_format=1
 alternate_scan=0

rate control: start of picture
 target number of bits: T=983040

vbv_delay=5877 (bitcount=688, decoding_time=5880.00, bitcnt_EOP=0)

rate control: end of picture
 actual number of bits: S=254834
 average quantization parameter Q=4.4
 remaining number of bits in GOP: R=728206
 global complexity measures (I,P,B): Xi=563431, Xp=12822261, Xb=8975583
 virtual buffer fullness (I,P,B): d0i=-93987, d0p=634219, d0b=887907
 remaining number of P pictures in GOP: Np=0
 remaining number of B pictures in GOP: Nb=0
 average activity: avg_act=1.1
Y: variance=688.9, MSE=0.0856 (58.8 dB), SNR=39.1 dB
U: variance=81.27, MSE=0.144 (56.5 dB), SNR=27.5 dB
V: variance=92.16, MSE=0.149 (56.4 dB), SNR=27.9 dB

picture statistics:
 # of intra coded macroblocks:  3600 (100.0%)
 # of coded blocks:             21600 (100.0%)
 # of not coded macroblocks:       0 (0.0%)
 # of skipped macroblocks:         0 (0.0%)
 # of forw. pred. macroblocks:     0 (0.0%)
 # of backw. pred. macroblocks:    0 (0.0%)
 # of interpolated macroblocks:    0 (0.0%)

macroblock_type map:
IQ I  I  I  I  I  I  I  I  I  I  I  I  I  I  I  I  I  I  I  I  I  I  I  I  I  I  I  I  I  I  I  I  I  I  I  I  I  I  I  I  I  I  I  I  I  I  I  I  I  I  I  I  I  I  I  I  I  I  I  I  I  I  I  I  I  I  I  I  I  I  I  I  I  I  I  I  I  I  I  
I  I  I  I  I  I  I  I  I  I  I  I  I  I  I  I  I  I  I  I  I  I  I  I  I  I  I  I  I  I  I  I  I  I  I  I  I  I  I  I  I  I  I  I  I  I  I  I  I  I  I  I  I  I  I  I  I  I  I  I  I  I  I  I  I  I  I  I  I  IQ I  I  I  I  I  I  I  I  I  I  
I  I  I  I  I  I  I  I  I  I  I  I  I  I  I  I  I  I  I  I  I  I  I  I  I  I  I  I  I  I  I  I  I  I  I  I  I  I  I  I  I  I  I  I  I  I  I  I  I  I  I  I  I  I  I  I  I  I  I  I  I  I  I  I  I  I  I  I  I  I  I  I  I  I  I  I  I  I  I  I  
I  I  I  I  I  I  I  I  I  I  I  I  I  I  I  I  I  I  I  I  I  I  I  I  I  I  I  I  I  I  I  I  I  I  I  I  I  I  I  I  I  I  I  I  I  I  I  I  I  I  I  I  I  I  I  I  I  I  I  I  I  I  I  I  I  I  I  I  I  I  I  I  I  I  I  I  I  I  I  I  
I  I  I  I  I  I  I  I  I  I  I  I  I  I  I  I  I  I  I  I  I  I  I  I  I  I  I  I  I  I  I  I  I  I  I  I  I  I  I  I  I  I  I  I  I  I  I  I  I  I  I  I  I  I  I  I  I  I  I  I  I  I  I  I  I  I  I  I  I  I  I  I  I  I  I  I  I  I  I  I  
I  I  I  I  I  I  I  I  I  I  I  I  I  I  I  I  I  I  I  I  I  I  I  I  I  I  I  I  I  I  I  I  I  I  I  I  I  I  I  I  I  I  I  I  I  I  I  I  I  I  I  I  I  I  I  I  I  I  I  I  I  I  I  I  I  I  I  I  I  I  I  I  I  I  I  I  I  I  I  I  
I  I  I  I  I  I  I  I  I  I  I  I  I  I  I  I  I  I  I  I  I  I  I  I  I  I  I  I  I  I  I  I  I  I  I  I  I  I  I  I  I  I  I  I  I  I  I  I  I  I  I  I  I  I  I  I  I  I  I  I  I  I  I  I  I  I  I  I  I  I  I  I  I  I  I  I  I  I  I  I  
I  I  I  I  I  I  I  I  I  I  I  I  I  I  I  I  I  I  I  I  I  I  I  I  I  I  I  I  I  I  I  I  I  I  I  I  I  I  I  I  I  I  I  I  I  I  I  I  I  I  I  I  I  I  I  I  I  I  I  I  I  I  I  I  I  I  I  I  I  I  I  I  I  I  I  I  I  I  I  I  
I  I  I  I  I  I  I  I  I  I  I  I  I  I  I  I  I  I  I  I  I  I  I  I  I  I  I  I  I  I  I  I  I  I  I  I  I  I  I  I  I  I  I  I  I  I  I  I  I  I  I  I  I  I  I  I  I  IQ I  I  I  I  I  I  I  I  I  I  I  I  I  I  I  I  I  I  I  I  I  I  
I  I  I  I  I  I  I  I  I  I  I  I  I  I  I  I  I  I  I  I  I  I  I  I  I  I  I  I  I  I  I  I  I  I  I  I  I  I  I  I  I  I  I  I  I  I  I  I  I  I  I  I  I  I  I  I  I  I  I  I  I  I  I  I  I  I  I  I  I  I  I  I  I  I  I  I  I  I  I  I  
I  I  I  I  I  I  I  I  I  I  I  I  I  I  I  I  I  I  I  I  I  I  I  I  I  I  I  I  I  I  I  I  I  I  I  I  I  I  I  I  I  I  I  I  I  I  I  I  I  I  I  I  I  I  I  I  I  I  I  I  I  I  I  I  I  I  I  I  I  I  I  I  I  I  I  I  I  I  I  I  
I  I  I  I  I  I  I  I  I  I  I  I  I  I  I  I  I  I  I  I  I  I  I  I  I  I  I  I  I  I  I  I  I  I  I  I  I  I  I  I  I  I  I  I  I  I  I  I  I  I  I  I  I  I  I  I  I  I  I  I  I  I  I  I  I  I  I  I  I  I  I  I  I  I  I  I  I  I  I  I  
I  I  I  I  I  I  I  I  I  I  I  I  IQ I  I  I  I  I  I  I  I  I  I  I  I  I  I  I  I  I  I  I  I  I  I  I  I  I  I  I  I  I  I  I  I  I  I  I  I  I  I  I  I  I  I  I  I  I  I  I  I  I  I  I  I  I  I  I  I  I  I  I  I  I  I  I  I  I  I  I  
I  I  I  I  I  I  I  I  I  I  I  I  I  I  I  I  I  I  I  I  I  I  I  I  I  I  I  I  I  I  I  I  I  I  I  I  I  I  I  I  I  I  I  I  I  I  I  I  I  I  I  I  I  I  I  I  I  I  I  I  I  I  I  I  I  I  I  I  I  I  I  I  I  I  I  I  I  I  I  I  
I  I  I  I  I  I  I  I  I  I  I  I  I  I  I  I  I  I  I  I  I  I  I  I  I  I  I  I  I  I  I  I  I  I  I  I  I  I  I  I  I  I  I  I  I  I  I  I  I  I  I  I  I  I  I  I  I  I  I  I  I  I  I  I  I  I  I  I  I  I  I  I  I  I  I  I  I  I  I  I  
I  I  I  I  I  I  I  I  I  I  I  I  I  I  I  I  I  I  I  I  I  I  I  I  I  I  I  I  I  I  I  I  I  I  I  I  I  I  I  I  I  I  I  I  I  I  IQ I  I  I  I  I  I  I  I  I  I  I  I  I  I  I  I  I  I  I  I  I  I  I  I  I  I  I  I  I  I  I  I  I  
I  I  I  I  I  I  I  I  I  I  I  I  I  I  I  I  I  I  I  I  I  I  I  I  I  I  I  I  I  I  I  I  I  I  IQ IQ I  I  I  I  I  I  I  I  I  I  I  I  I  I  I  I  I  I  I  I  I  I  I  I  I  I  I  I  I  I  I  I  I  I  I  I  I  I  I  I  I  I  I  I  
I  I  I  I  I  I  I  I  I  I  I  I  I  I  I  I  I  I  I  I  I  I  I  I  I  I  I  I  I  I  I  I  I  I  I  I  I  I  I  I  I  I  I  I  I  I  I  I  I  I  I  I  IQ IQ I  I  I  I  I  I  I  I  I  I  I  I  I  I  I  I  I  I  I  I  I  I  I  I  I  I  
I  I  I  I  I  I  I  I  I  I  I  I  I  I  I  I  I  I  I  I  I  I  I  I  I  I  I  I  I  I  I  I  I  I  I  I  I  I  I  I  I  I  I  I  I  I  I  I  I  IQ IQ I  I  I  I  I  I  I  I  I  I  I  I  I  I  I  I  I  I  I  I  I  I  I  I  I  I  I  I  I  
I  I  I  I  I  I  I  I  I  I  I  I  I  I  I  I  I  I  I  I  I  I  I  I  I  I  I  I  I  I  I  I  I  I  I  I  I  I  I  I  I  I  I  I  I  I  I  I  I  IQ IQ I  I  I  I  I  I  I  I  I  I  I  I  I  I  I  I  I  I  I  I  I  I  I  I  I  I  I  I  I  
I  I  I  I  I  I  I  I  I  I  I  I  I  I  I  I  I  I  I  I  I  I  I  I  I  I  I  I  I  I  I  I  I  I  I  I  I  I  I  I  I  I  I  I  I  I  I  I  I  I  I  I  I  I  I  I  I  I  I  I  I  I  I  I  I  I  I  I  I  I  I  I  I  I  I  IQ I  I  I  I  
I  I  I  I  I  I  I  I  I  I  I  I  I  I  I  I  I  I  I  I  I  I  I  I  I  I  I  I  I  I  I  I  I  I  I  I  I  I  I  I  I  I  I  I  I  I  I  I  I  I  I  I  I  I  I  I  I  I  I  I  I  I  I  I  I  I  I  I  I  I  I  I  I  I  I  I  I  I  I  I  
I  I  I  I  I  I  I  I  I  I  I  I  I  I  I  I  I  I  I  I  I  I  I  I  I  I  I  I  I  I  I  I  I  I  I  I  I  I  I  I  I  I  I  I  I  I  I  I  I  I  I  I  I  I  I  I  I  I  I  I  I  I  I  I  I  I  I  I  I  I  I  I  I  I  I  I  I  I  I  I  
I  I  I  I  I  I  I  I  I  I  I  I  I  I  I  I  I  I  I  I  I  I  I  I  I  I  I  I  I  I  I  I  I  I  I  I  I  I  I  I  I  I  I  I  I  I  I  I  I  I  I  I  I  I  I  I  I  I  I  I  I  I  I  I  I  I  I  I  I  I  I  I  I  I  I  I  I  I  I  I  
I  I  I  I  I  I  I  I  I  I  I  I  I  I  I  I  I  I  I  I  I  I  I  I  I  I  I  I  I  I  I  I  I  I  I  I  I  I  I  I  I  I  I  I  I  I  I  I  I  I  I  I  I  I  I  I  I  I  I  I  I  I  I  I  I  I  I  I  I  I  I  I  I  I  I  I  I  I  I  I  
I  I  I  I  I  I  I  I  I  I  I  I  I  I  I  I  I  I  I  I  I  I  I  I  I  I  I  I  I  I  I  I  I  I  I  I  I  I  I  I  I  I  I  I  I  I  I  I  I  I  I  I  I  I  I  I  I  I  I  I  I  I  I  I  I  I  I  I  I  I  I  I  I  I  I  I  I  I  I  I  
I  I  I  I  I  I  I  I  I  I  I  I  I  I  I  I  I  I  I  I  I  I  I  I  I  I  I  I  I  I  I  I  I  I  I  I  I  I  I  I  I  I  I  I  I  I  I  I  I  I  I  I  I  I  I  I  I  I  I  I  I  I  I  I  I  I  I  I  I  I  I  I  I  I  I  I  I  I  I  I  
IQ I  I  I  I  I  I  I  I  I  I  I  I  I  I  I  I  I  I  I  I  I  I  I  I  I  I  I  I  I  I  I  I  I  I  I  I  I  I  I  I  I  I  I  I  I  I  I  I  I  I  I  I  I  I  I  I  I  I  I  I  I  I  I  I  I  I  I  I  I  I  I  I  I  I  I  I  I  I  I  
I  I  I  I  I  I  I  I  I  I  I  I  I  I  I  I  I  I  I  I  I  I  I  I  I  I  I  I  I  I  I  I  I  I  I  I  I  I  I  I  I  I  I  I  I  I  I  I  I  I  I  I  I  I  I  I  I  I  I  I  I  I  I  I  I  I  I  I  I  I  I  I  I  I  I  I  I  I  I  I  
I  I  I  I  I  I  I  I  I  I  I  I  I  I  I  I  I  I  I  I  I  I  I  I  I  I  I  I  I  I  I  I  I  I  I  I  I  I  I  I  I  I  I  I  I  I  I  I  I  I  I  I  I  I  I  I  I  I  I  I  I  I  I  I  I  I  I  I  I  I  I  I  I  I  I  I  I  I  I  I  
I  I  I  I  I  I  I  I  I  I  I  I  I  I  I  I  I  I  I  I  I  I  I  I  I  I  I  I  I  I  I  I  I  I  I  I  I  I  I  I  I  I  I  I  I  I  I  I  I  I  I  I  I  I  I  I  I  I  I  I  I  I  I  I  I  I  I  I  I  I  I  I  I  I  I  I  I  I  I  I  
I  I  I  I  I  I  I  I  I  I  I  I  I  I  I  IQ I  I  I  I  I  I  I  I  I  I  I  I  I  I  I  I  I  I  I  I  I  I  I  I  I  I  I  I  I  I  I  I  I  I  I  I  I  I  I  I  I  I  I  I  I  I  I  I  I  I  I  I  I  I  I  I  I  I  I  I  I  I  I  I  
I  I  I  I  I  I  I  I  I  I  I  I  I  I  I  I  I  I  I  I  I  I  I  I  I  I  I  I  I  I  I  I  I  I  I  I  I  I  I  I  I  I  I  I  I  I  I  I  I  I  I  I  I  I  I  I  I  I  I  I  I  I  I  I  I  I  I  I  I  I  I  I  I  I  I  I  I  I  I  I  
I  I  I  I  I  I  I  I  I  I  I  I  I  I  I  I  I  I  I  I  I  I  I  I  I  I  I  I  I  I  I  I  I  I  I  I  I  I  I  I  I  I  I  I  I  I  I  I  I  I  I  I  I  I  I  I  I  I  I  I  I  I  I  I  I  I  I  I  I  I  I  I  I  I  I  I  I  I  I  I  
I  I  I  I  I  I  I  I  I  I  I  I  I  I  I  I  I  I  I  I  I  I  I  I  I  I  I  I  I  I  I  I  I  I  I  I  I  I  I  I  I  I  I  I  I  I  I  I  I  IQ I  I  I  I  I  I  I  I  I  I  I  I  I  I  I  I  I  I  I  I  I  I  I  I  I  I  I  I  I  I  
I  I  I  I  I  I  I  I  I  I  I  I  I  I  I  I  I  I  I  I  I  I  I  I  I  I  I  I  I  I  I  I  I  I  I  I  I  I  I  I  I  I  I  I  I  I  I  I  I  I  I  I  I  I  I  I  I  I  I  I  I  I  I  I  I  I  I  I  I  I  I  I  I  I  I  I  I  I  I  I  
I  I  I  I  I  I  I  I  I  I  I  I  I  I  I  I  I  I  I  I  I  I  I  I  I  I  I  I  I  I  I  I  I  I  I  I  I  I  I  I  I  I  I  I  I  I  I  I  I  I  I  I  I  I  I  I  I  I  I  I  I  I  I  I  I  I  I  I  I  I  I  I  I  I  I  I  I  I  I  I  
I  I  I  I  I  I  I  I  I  I  I  I  I  I  I  I  I  I  I  I  I  I  I  I  I  I  I  I  I  I  I  I  I  I  I  I  I  I  I  I  I  I  I  I  I  I  I  I  I  I  I  I  I  I  I  I  I  I  I  I  I  I  I  I  I  I  I  I  I  I  I  I  I  I  I  I  I  I  I  I  
I  I  I  I  I  I  I  I  I  I  I  I  I  I  I  I  I  I  I  I  I  I  I  I  I  I  I  I  I  I  I  I  I  I  I  I  I  I  I  I  I  I  I  I  I  I  I  I  I  I  I  I  I  I  I  I  I  I  I  I  I  I  I  I  I  I  I  I  I  I  I  I  I  I  I  I  I  I  I  I  
I  I  I  I  I  I  I  I  I  I  I  I  I  I  I  I  I  I  I  I  I  I  I  I  I  I  I  I  I  I  I  I  I  I  I  I  I  I  I  I  I  I  I  I  I  I  I  I  I  I  I  I  I  I  I  I  I  I  I  I  I  I  I  I  I  I  I  I  I  I  I  I  I  I  I  I  I  I  I  I  
I  I  I  I  I  I  I  I  I  I  I  I  I  I  I  I  I  I  I  I  I  I  I  I  I  I  I  I  I  I  I  I  I  I  I  I  I  I  I  I  I  I  I  I  I  I  I  I  I  I  I  I  I  I  I  I  I  I  I  I  I  I  I  I  I  I  I  I  I  I  I  I  I  I  I  I  I  I  I  I  
I  I  I  I  I  I  I  I  I  I  I  I  I  I  I  I  I  I  I  I  I  I  I  I  I  I  I  I  I  I  I  I  I  I  I  I  I  I  I  I  I  I  I  I  I  I  I  I  I  I  I  I  I  I  I  I  I  I  I  I  I  I  I  I  I  I  I  I  I  I  I  I  I  I  I  I  I  I  I  I  
I  I  I  I  I  I  I  I  I  I  I  I  I  I  I  I  I  I  I  I  I  I  I  I  I  I  I  I  I  I  I  I  I  I  I  I  I  I  I  I  I  I  I  I  I  I  I  I  I  I  I  I  I  I  I  I  I  I  I  I  I  I  I  I  I  I  I  I  I  I  I  I  I  I  I  I  I  I  I  I  
I  I  I  I  I  I  I  I  I  I  I  I  I  I  I  I  I  I  I  I  I  I  I  I  I  I  I  I  I  I  I  I  I  I  I  I  I  I  I  I  I  I  I  I  I  I  I  I  I  I  I  I  I  I  I  I  I  I  I  I  I  I  I  I  I  I  I  I  I  I  I  I  I  I  I  I  I  I  I  I  
I  I  I  I  I  I  I  I  I  I  I  I  I  I  I  I  I  I  I  I  I  I  I  I  I  I  I  I  I  I  I  I  I  I  I  I  I  I  I  I  I  I  I  I  I  I  I  I  I  I  I  I  I  I  I  I  I  I  I  I  I  I  I  I  I  I  I  I  I  I  I  I  I  I  I  I  I  I  I  I  

mquant map:
 10                                                                                                                                                                                                                                             
 10                                                                                                                                                                                                              8                              
  8                                                                                                                                                                                                                                             
  8                                                                                                                                                                                                                                             
  8                                                                                                                                                                                                                                             
  8                                                                                                                                                                                                                                             
  8                                                                                                                                                                                                                                             
  8                                                                                                                                                                                                                                             
  8                                                                                                                                                                          7                                                                  
  7                                                                                                                                                                                                                                             
  7                                                                                                                                                                                                                                             
  7                                                                                                                                                                                                                                             
  7                                   6                                                                                                                                                                                                         
  6                                                                                                                                                                                                                                             
  6                                                                                                                                                                                                                                             
  6                                                                                                                                         5                                                                                                   
  5                                                                                                     8  5                                                                                                                                    
  5                                                                                                                                                           6  5                                                                              
  5                                                                                                                                                  7  5                                                                                       
  5                                                                                                                                                  6  5                                                                                       
  5                                                                                                                                                                                                                                4            
  4                                                                                                                                                                                                                                             
  4                                                                                                                                                                                                                                             
  4                                                                                                                                                                                                                                             
  4                                                                                                                                                                                                                                             
  4                                                                                                                                                                                                                                             
  4                                                                                                                                                                                                                                             
  3                                                                                                                                                                                                                                             
  3                                                                                                                                                                                                                                             
  3                                                                                                                                                                                                                                             
  3                                                                                                                                                                                                                                             
  3                                            2                                                                                                                                                                                                
  2                                                                                                                                                                                                                                             
  2                                                                                                                                                                                                                                             
  2                                                                                                                                                  1                                                                                          
  1                                                                                                                                                                                                                                             
  1                                                                                                                                                                                                                                             
  1                                                                                                                                                                                                                                             
  1                                                                                                                                                                                                                                             
  1                                                                                                                                                                                                                                             
  1                                                                                                                                                                                                                                             
  1                                                                                                                                                                                                                                             
  1                                                                                                                                                                                                                                             
  1                                                                                                                                                                                                                                             
  1                                                                                                                                                                                                                                             
